2025-03-11 22:56:01,919 - INFO - Adding job tentatively -- it will be properly scheduled when the scheduler starts
2025-03-11 22:56:01,920 - INFO - Adding job tentatively -- it will be properly scheduled when the scheduler starts
2025-03-11 22:56:01,920 - INFO - Adding job tentatively -- it will be properly scheduled when the scheduler starts
2025-03-11 22:56:01,921 - INFO - Adding job tentatively -- it will be properly scheduled when the scheduler starts
2025-03-11 22:56:01,921 - INFO - Adding job tentatively -- it will be properly scheduled when the scheduler starts
2025-03-11 22:56:01,922 - INFO - Train simulation scheduler started with dynamic scheduling for all trains
2025-03-11 22:56:01,924 - INFO - Added job "schedule_train_update.<locals>.job_wrapper" to job store "default"
2025-03-11 22:56:01,924 - INFO - Added job "schedule_train_update.<locals>.job_wrapper" to job store "default"
2025-03-11 22:56:01,925 - INFO - Added job "schedule_train_update.<locals>.job_wrapper" to job store "default"
2025-03-11 22:56:01,925 - INFO - Added job "schedule_train_update.<locals>.job_wrapper" to job store "default"
2025-03-11 22:56:01,925 - INFO - Added job "schedule_train_update.<locals>.job_wrapper" to job store "default"
2025-03-11 22:56:01,926 - INFO - Scheduler started
2025-03-11 22:56:01,927 - INFO - Running job "schedule_train_update.<locals>.job_wrapper (trigger: date[2025-03-11 22:56:01 EET], next run at: 2025-03-11 22:56:01 EET)" (scheduled at 2025-03-11 22:56:01.918959+02:00)
2025-03-11 22:56:01,927 - INFO - Removed job train_T1-001
2025-03-11 22:56:01,928 - INFO - Running job "schedule_train_update.<locals>.job_wrapper (trigger: date[2025-03-11 22:56:01 EET], next run at: 2025-03-11 22:56:01 EET)" (scheduled at 2025-03-11 22:56:01.920336+02:00)
2025-03-11 22:56:01,929 - INFO - Removed job train_T1-002
2025-03-11 22:56:01,930 - INFO - Running job "schedule_train_update.<locals>.job_wrapper (trigger: date[2025-03-11 22:56:01 EET], next run at: 2025-03-11 22:56:01 EET)" (scheduled at 2025-03-11 22:56:01.920848+02:00)
2025-03-11 22:56:01,930 - INFO - Removed job train_T1-003
2025-03-11 22:56:01,931 - INFO - Train T1-001 (Line 1) at station S101MD, moving to S102STAP (Route ID 1)
2025-03-11 22:56:01,932 - INFO - Running job "schedule_train_update.<locals>.job_wrapper (trigger: date[2025-03-11 22:56:01 EET], next run at: 2025-03-11 22:56:01 EET)" (scheduled at 2025-03-11 22:56:01.921284+02:00)
2025-03-11 22:56:01,932 - INFO - Removed job train_T2-001
2025-03-11 22:56:01,933 - INFO - Running job "schedule_train_update.<locals>.job_wrapper (trigger: date[2025-03-11 22:56:01 EET], next run at: 2025-03-11 22:56:01 EET)" (scheduled at 2025-03-11 22:56:01.921711+02:00)
2025-03-11 22:56:01,934 - INFO - Removed job train_T2-002
2025-03-11 22:56:01,935 - INFO - Peak time check for train T1-001: Day type weekday, Current time 22:56:01.931913, Is peak? False
2025-03-11 22:56:01,936 - INFO - Train T1-001 at S101MD with transfer time 2 minutes (120 seconds)
2025-03-11 22:56:01,987 - INFO - Train T1-002 (Line 1) at station S103SHTP, moving to S104TD (Route ID 5)
2025-03-11 22:56:01,988 - INFO - Train T1-003 (Line 1) at station S106PL, moving to S107RC (Route ID 11)
2025-03-11 22:56:01,989 - INFO - Peak time check for train T1-002: Day type weekday, Current time 22:56:01.987344, Is peak? False
2025-03-11 22:56:01,989 - INFO - Peak time check for train T1-003: Day type weekday, Current time 22:56:01.988102, Is peak? False
2025-03-11 22:56:01,990 - INFO - Train T1-002 at S103SHTP with transfer time 1 minutes (60 seconds)
2025-03-11 22:56:01,990 - INFO - Train T1-003 at S106PL with transfer time 1 minutes (60 seconds)
2025-03-11 22:56:01,994 - INFO - Train T2-001 (Line 2) at station S214HMN, moving to S215TTS (Route ID 53)
2025-03-11 22:56:01,995 - INFO - Train T2-002 (Line 2) at station S217TN, moving to S218BK (Route ID 59)
2025-03-11 22:56:01,995 - INFO - Peak time check for train T2-001: Day type weekday, Current time 22:56:01.994002, Is peak? False
2025-03-11 22:56:01,996 - INFO - Train T2-001 at S214HMN with transfer time 1 minutes (60 seconds)
2025-03-11 22:56:01,996 - INFO - Peak time check for train T2-002: Day type weekday, Current time 22:56:01.995011, Is peak? False
2025-03-11 22:56:01,997 - INFO - Train T2-002 at S217TN with transfer time 1 minutes (60 seconds)
2025-03-11 22:57:01,992 - INFO - Train T1-002 departed from S103SHTP after transfer
2025-03-11 22:57:01,993 - INFO - Train T1-003 departed from S106PL after transfer
2025-03-11 22:57:01,994 - INFO - Train T1-002 in transit to S104TD for 5 minutes (300 seconds)
2025-03-11 22:57:01,994 - INFO - Train T1-003 in transit to S107RC for 5 minutes (300 seconds)
2025-03-11 22:57:01,999 - INFO - Train T2-001 departed from S214HMN after transfer
2025-03-11 22:57:02,000 - INFO - Train T2-002 departed from S217TN after transfer
2025-03-11 22:57:02,000 - INFO - Train T2-001 in transit to S215TTS for 4 minutes (240 seconds)
2025-03-11 22:57:02,001 - INFO - Train T2-002 in transit to S218BK for 4 minutes (240 seconds)
2025-03-11 22:58:01,939 - INFO - Train T1-001 departed from S101MD after transfer
2025-03-11 22:58:01,941 - INFO - Train T1-001 in transit to S102STAP for 3 minutes (180 seconds)
2025-03-11 23:01:01,946 - INFO - Train T1-001 arrived at S102STAP, next stop is S101MD (Route ID 2)
2025-03-11 23:01:01,959 - INFO - Added job "schedule_train_update.<locals>.job_wrapper" to job store "default"
2025-03-11 23:01:01,960 - INFO - Scheduled next update for train T1-001 at 2025-03-11 23:06:01.959609
2025-03-11 23:01:01,960 - INFO - Job "schedule_train_update.<locals>.job_wrapper (trigger: date[2025-03-11 22:56:01 EET], next run at: 2025-03-11 22:56:01 EET)" executed successfully
2025-03-11 23:01:02,006 - INFO - Train T2-001 arrived at S215TTS, next stop is S214HMN (Route ID 54)
2025-03-11 23:01:02,006 - INFO - Train T2-002 arrived at S218BK, next stop is S217TN (Route ID 60)
2025-03-11 23:01:02,007 - INFO - Added job "schedule_train_update.<locals>.job_wrapper" to job store "default"
2025-03-11 23:01:02,008 - INFO - Scheduled next update for train T2-001 at 2025-03-11 23:06:02.007593
2025-03-11 23:01:02,008 - INFO - Added job "schedule_train_update.<locals>.job_wrapper" to job store "default"
2025-03-11 23:01:02,009 - INFO - Job "schedule_train_update.<locals>.job_wrapper (trigger: date[2025-03-11 22:56:01 EET], next run at: 2025-03-11 22:56:01 EET)" executed successfully
2025-03-11 23:01:02,009 - INFO - Scheduled next update for train T2-002 at 2025-03-11 23:06:02.008405
2025-03-11 23:01:02,010 - INFO - Job "schedule_train_update.<locals>.job_wrapper (trigger: date[2025-03-11 22:56:01 EET], next run at: 2025-03-11 22:56:01 EET)" executed successfully
2025-03-11 23:02:01,998 - INFO - Train T1-002 arrived at S104TD, next stop is S103SHTP (Route ID 6)
2025-03-11 23:02:01,998 - INFO - Train T1-003 arrived at S107RC, next stop is S106PL (Route ID 12)
2025-03-11 23:02:02,000 - INFO - Added job "schedule_train_update.<locals>.job_wrapper" to job store "default"
2025-03-11 23:02:02,001 - INFO - Scheduled next update for train T1-002 at 2025-03-11 23:08:02.000179
2025-03-11 23:02:02,001 - INFO - Added job "schedule_train_update.<locals>.job_wrapper" to job store "default"
2025-03-11 23:02:02,001 - INFO - Job "schedule_train_update.<locals>.job_wrapper (trigger: date[2025-03-11 22:56:01 EET], next run at: 2025-03-11 22:56:01 EET)" executed successfully
2025-03-11 23:02:02,002 - INFO - Scheduled next update for train T1-003 at 2025-03-11 23:08:02.000756
2025-03-11 23:02:02,003 - INFO - Job "schedule_train_update.<locals>.job_wrapper (trigger: date[2025-03-11 22:56:01 EET], next run at: 2025-03-11 22:56:01 EET)" executed successfully
2025-03-11 23:06:01,969 - INFO - Removed job train_T1-001
2025-03-11 23:06:01,969 - INFO - Running job "schedule_train_update.<locals>.job_wrapper (trigger: date[2025-03-11 23:06:01 EET], next run at: 2025-03-11 23:06:01 EET)" (scheduled at 2025-03-11 23:06:01.959609+02:00)
2025-03-11 23:06:01,972 - INFO - Train T1-001 (Line 1) at station S102STAP, moving to S101MD (Route ID 2)
2025-03-11 23:06:01,973 - INFO - Peak time check for train T1-001: Day type weekday, Current time 23:06:01.972382, Is peak? False
2025-03-11 23:06:01,974 - INFO - Train T1-001 at S102STAP with transfer time 1 minutes (60 seconds)
2025-03-11 23:06:02,015 - INFO - Removed job train_T2-001
2025-03-11 23:06:02,015 - INFO - Running job "schedule_train_update.<locals>.job_wrapper (trigger: date[2025-03-11 23:06:02 EET], next run at: 2025-03-11 23:06:02 EET)" (scheduled at 2025-03-11 23:06:02.007593+02:00)
2025-03-11 23:06:02,016 - INFO - Removed job train_T2-002
2025-03-11 23:06:02,016 - INFO - Running job "schedule_train_update.<locals>.job_wrapper (trigger: date[2025-03-11 23:06:02 EET], next run at: 2025-03-11 23:06:02 EET)" (scheduled at 2025-03-11 23:06:02.008405+02:00)
2025-03-11 23:06:02,068 - INFO - Train T2-001 (Line 2) at station S215TTS, moving to S214HMN (Route ID 54)
2025-03-11 23:06:02,070 - INFO - Train T2-002 (Line 2) at station S218BK, moving to S217TN (Route ID 60)
2025-03-11 23:06:02,070 - INFO - Peak time check for train T2-001: Day type weekday, Current time 23:06:02.068250, Is peak? False
2025-03-11 23:06:02,071 - INFO - Train T2-001 at S215TTS with transfer time 1 minutes (60 seconds)
2025-03-11 23:06:02,072 - INFO - Peak time check for train T2-002: Day type weekday, Current time 23:06:02.070075, Is peak? False
2025-03-11 23:06:02,073 - INFO - Train T2-002 at S218BK with transfer time 1 minutes (60 seconds)
2025-03-11 23:07:01,976 - INFO - Train T1-001 departed from S102STAP after transfer
2025-03-11 23:07:01,977 - INFO - Train T1-001 in transit to S101MD for 3 minutes (180 seconds)
2025-03-11 23:07:02,074 - INFO - Train T2-001 departed from S215TTS after transfer
2025-03-11 23:07:02,075 - INFO - Train T2-001 in transit to S214HMN for 4 minutes (240 seconds)
2025-03-11 23:07:02,076 - INFO - Train T2-002 departed from S218BK after transfer
2025-03-11 23:07:02,077 - INFO - Train T2-002 in transit to S217TN for 4 minutes (240 seconds)
2025-03-11 23:08:02,008 - INFO - Removed job train_T1-002
2025-03-11 23:08:02,008 - INFO - Running job "schedule_train_update.<locals>.job_wrapper (trigger: date[2025-03-11 23:08:02 EET], next run at: 2025-03-11 23:08:02 EET)" (scheduled at 2025-03-11 23:08:02.000179+02:00)
2025-03-11 23:08:02,009 - INFO - Removed job train_T1-003
2025-03-11 23:08:02,009 - INFO - Running job "schedule_train_update.<locals>.job_wrapper (trigger: date[2025-03-11 23:08:02 EET], next run at: 2025-03-11 23:08:02 EET)" (scheduled at 2025-03-11 23:08:02.000756+02:00)
2025-03-11 23:08:02,057 - INFO - Train T1-003 (Line 1) at station S107RC, moving to S106PL (Route ID 12)
2025-03-11 23:08:02,060 - INFO - Peak time check for train T1-003: Day type weekday, Current time 23:08:02.057445, Is peak? False
2025-03-11 23:08:02,061 - INFO - Train T1-003 at S107RC with transfer time 1 minutes (60 seconds)
2025-03-11 23:08:02,155 - INFO - Train T1-002 (Line 1) at station S104TD, moving to S103SHTP (Route ID 6)
2025-03-11 23:08:02,157 - INFO - Peak time check for train T1-002: Day type weekday, Current time 23:08:02.155253, Is peak? False
2025-03-11 23:08:02,160 - INFO - Train T1-002 at S104TD with transfer time 1 minutes (60 seconds)
2025-03-11 23:09:02,063 - INFO - Train T1-003 departed from S107RC after transfer
2025-03-11 23:09:02,065 - INFO - Train T1-003 in transit to S106PL for 5 minutes (300 seconds)
2025-03-11 23:09:02,162 - INFO - Train T1-002 departed from S104TD after transfer
2025-03-11 23:09:02,163 - INFO - Train T1-002 in transit to S103SHTP for 5 minutes (300 seconds)
2025-03-11 23:10:01,980 - INFO - Train T1-001 arrived at S101MD, next stop is S102STAP (Route ID 1)
2025-03-11 23:10:02,009 - INFO - Added job "schedule_train_update.<locals>.job_wrapper" to job store "default"
2025-03-11 23:10:02,036 - INFO - Scheduled next update for train T1-001 at 2025-03-11 23:14:02.009077
2025-03-11 23:10:02,068 - INFO - Job "schedule_train_update.<locals>.job_wrapper (trigger: date[2025-03-11 23:06:01 EET], next run at: 2025-03-11 23:06:01 EET)" executed successfully
2025-03-11 23:11:02,080 - INFO - Train T2-001 arrived at S214HMN, next stop is S213TD (Route ID 52)
2025-03-11 23:11:02,080 - INFO - Train T2-002 arrived at S217TN, next stop is S216MCT (Route ID 58)
2025-03-11 23:11:02,088 - INFO - Added job "schedule_train_update.<locals>.job_wrapper" to job store "default"
2025-03-11 23:11:02,089 - INFO - Scheduled next update for train T2-001 at 2025-03-11 23:16:02.087793
2025-03-11 23:11:02,089 - INFO - Added job "schedule_train_update.<locals>.job_wrapper" to job store "default"
2025-03-11 23:11:02,090 - INFO - Job "schedule_train_update.<locals>.job_wrapper (trigger: date[2025-03-11 23:06:02 EET], next run at: 2025-03-11 23:06:02 EET)" executed successfully
2025-03-11 23:11:02,090 - INFO - Scheduled next update for train T2-002 at 2025-03-11 23:16:02.089073
2025-03-11 23:11:02,091 - INFO - Job "schedule_train_update.<locals>.job_wrapper (trigger: date[2025-03-11 23:06:02 EET], next run at: 2025-03-11 23:06:02 EET)" executed successfully
2025-03-11 23:14:02,068 - INFO - Train T1-003 arrived at S106PL, next stop is S105BT (Route ID 10)
2025-03-11 23:14:02,167 - INFO - Train T1-002 arrived at S103SHTP, next stop is S102STAP (Route ID 4)
